app/build/intermediates/manifest_merge_blame_file/debug/manifest-merger-blame-debug-report.txt
1<?xml version="1.0" encoding="utf-8"?>
2<manifest xmlns:android="http://schemas.android.com/apk/res/android"
3    package="com.andrejzdravev.task"
4    android:versionCode="1"
5    android:versionName="1.0" >
6
7    <uses-sdk
8        android:minSdkVersion="17"
8-->src/main/AndroidManifest.xml
9        android:targetSdkVersion="29" />
9-->src/main/AndroidManifest.xml
10
11    <uses-permission android:name="android.permission.INTERNET" />
11-->src/main/AndroidManifest.xml:5:5-67
11-->src/main/AndroidManifest.xml:5:22-64
12
13    <application
13-->src/main/AndroidManifest.xml:7:5-31:19
14        android:allowBackup="true"
14-->src/main/AndroidManifest.xml:8:9-35
15        android:appComponentFactory="androidx.core.app.CoreComponentFactory"
15-->[androidx.core:core:1.0.2] AndroidManifest.xml:22:18-86
16        android:debuggable="true"
17        android:icon="@mipmap/ic_launcher"
17-->src/main/AndroidManifest.xml:9:9-43
18        android:label="@string/app_name"
18-->src/main/AndroidManifest.xml:10:9-41
19        android:roundIcon="@mipmap/ic_launcher_round"
19-->src/main/AndroidManifest.xml:11:9-54
20        android:supportsRtl="true"
20-->src/main/AndroidManifest.xml:12:9-35
21        android:testOnly="true"
22        android:theme="@style/AppTheme" >
22-->src/main/AndroidManifest.xml:13:9-40
23        <activity
23-->src/main/AndroidManifest.xml:14:9-20:20
24            android:name="com.andrejzdravev.task.MainActivity"
24-->src/main/AndroidManifest.xml:14:19-47
25            android:configChanges="orientation|keyboardHidden" >
25-->src/main/AndroidManifest.xml:14:48-98
26            <intent-filter>
26-->src/main/AndroidManifest.xml:15:13-19:29
27                <action android:name="android.intent.action.MAIN" />
27-->src/main/AndroidManifest.xml:16:17-69
27-->src/main/AndroidManifest.xml:16:25-66
28
29                <category android:name="android.intent.category.LAUNCHER" />
29-->src/main/AndroidManifest.xml:18:17-77
29-->src/main/AndroidManifest.xml:18:27-74
30            </intent-filter>
31        </activity>
32        <activity
32-->src/main/AndroidManifest.xml:21:9-28:20
33            android:name="com.andrejzdravev.task.DetailsActivity"
33-->src/main/AndroidManifest.xml:22:13-44
34            android:label="Fact Details" >
34-->src/main/AndroidManifest.xml:23:13-41
35            <meta-data
35-->src/main/AndroidManifest.xml:24:13-26:49
36                android:name="android.support.PARENT_ACTIVITY"
36-->src/main/AndroidManifest.xml:25:17-63
37                android:value=".MainActivity" />
37-->src/main/AndroidManifest.xml:26:17-46
38        </activity>
39    </application>
40
41</manifest>